C51 COMPILER V9.60.7.0   MAIN                                                              08/01/2024 21:48:35 PAGE 1   


C51 COMPILER V9.60.7.0, COMPILATION OF MODULE MAIN
OBJECT MODULE PLACED IN .\Objects\main.obj
COMPILER INVOKED BY: E:\Keil5\C51\BIN\C51.EXE main.c OPTIMIZE(8,SPEED) BROWSE DEBUG OBJECTEXTEND PRINT(.\Listings\main.l
                    -st) TABS(2) OBJECT(.\Objects\main.obj)

line level    source

   1          #include <REGX51.H>
   2          #include <intrins.h>
   3          
   4          //需求：LED灯从右向左依次闪烁，间隔500ms
   5          //延时函数
   6          void Delay500ms()   //@11.0592MHz
   7          {
   8   1        unsigned char i, j, k;
   9   1      
  10   1        _nop_();
  11   1        i = 4;
  12   1        j = 129;
  13   1        k = 119;
  14   1        do
  15   1        {
  16   2          do
  17   2          {
  18   3            while (--k);
  19   3          } while (--j);
  20   2        } while (--i);
  21   1      }
  22          
  23          void main()
  24          {
  25   1          unsigned char i;
  26   1          while(1)
  27   1          {
  28   2            for(i = 0; i < 8; i++)
  29   2            {
  30   3              P0 = ~(0x01 << i); // (0000 0001 高电平1不断左移，取反)
  31   3              Delay500ms();
  32   3              P0 = 0xFF;        //关闭所有灯
  33   3              Delay500ms();
  34   3            }
  35   2          }
  36   1      }


MODULE INFORMATION:   STATIC OVERLAYABLE
   CODE SIZE        =     45    ----
   CONSTANT SIZE    =   ----    ----
   XDATA SIZE       =   ----    ----
   PDATA SIZE       =   ----    ----
   DATA SIZE        =   ----    ----
   IDATA SIZE       =   ----    ----
   BIT SIZE         =   ----    ----
END OF MODULE INFORMATION.


C51 COMPILATION COMPLETE.  0 WARNING(S),  0 ERROR(S)
